<testng-results>
  <reporter-output>
  </reporter-output>
  <suite name="Learning testNG" duration-ms="58" started-at="2018-03-29T14:08:52Z" finished-at="2018-03-29T14:08:53Z">
    <groups>
    </groups>
    <test name="RegistrationTest" duration-ms="2" started-at="2018-03-29T14:08:53Z" finished-at="2018-03-29T14:08:53Z">
      <class name="module9TestNG.RegistrationTest">
        <test-method status="FAIL" signature="doREgister()" name="doREgister" duration-ms="2" started-at="2018-03-29T14:08:53Z" finished-at="2018-03-29T14:08:53Z">
          <exception class="java.lang.AssertionError">
            <message>
              <![CDATA[Error not match expected:<xxxx> but was:<xxxx1>]]>
            </message>
            <full-stacktrace>
              <![CDATA[java.lang.AssertionError: Error not match expected:<xxxx> but was:<xxxx1>
	at org.testng.Assert.fail(Assert.java:89)
	at org.testng.Assert.failNotEquals(Assert.java:480)
	at org.testng.Assert.assertEquals(Assert.java:118)
	at org.testng.Assert.assertEquals(Assert.java:171)
	at module9TestNG.RegistrationTest.doREgister(RegistrationTest.java:18)
	at sun.reflect.NativeMethodAccessorImpl.invoke0(Native Method)
	at sun.reflect.NativeMethodAccessorImpl.invoke(Unknown Source)
	at sun.reflect.DelegatingMethodAccessorImpl.invoke(Unknown Source)
	at java.lang.reflect.Method.invoke(Unknown Source)
	at org.testng.internal.MethodInvocationHelper.invokeMethod(MethodInvocationHelper.java:74)
	at org.testng.internal.Invoker.invokeMethod(Invoker.java:673)
	at org.testng.internal.Invoker.invokeTestMethod(Invoker.java:846)
	at org.testng.internal.Invoker.invokeTestMethods(Invoker.java:1170)
	at org.testng.internal.TestMethodWorker.invokeTestMethods(TestMethodWorker.java:125)
	at org.testng.internal.TestMethodWorker.run(TestMethodWorker.java:109)
	at java.util.concurrent.ThreadPoolExecutor.runWorker(Unknown Source)
	at java.util.concurrent.ThreadPoolExecutor$Worker.run(Unknown Source)
	at java.lang.Thread.run(Unknown Source)
]]>
            </full-stacktrace>
          </exception>
        </test-method>
      </class>
    </test>
    <test name="TestNGApplication" duration-ms="15" started-at="2018-03-29T14:08:52Z" finished-at="2018-03-29T14:08:52Z">
      <class name="module9TestNG.TestNGApplication">
        <test-method status="PASS" signature="beforeTEst()" name="beforeTEst" is-config="true" duration-ms="6" started-at="2018-03-29T14:08:52Z" finished-at="2018-03-29T14:08:52Z">
        </test-method>
        <test-method status="PASS" signature="beforeMthod()" name="beforeMthod" is-config="true" duration-ms="0" started-at="2018-03-29T14:08:52Z" finished-at="2018-03-29T14:08:52Z">
        </test-method>
        <test-method status="PASS" signature="LogoutTEst()" name="LogoutTEst" duration-ms="1" started-at="2018-03-29T14:08:52Z" finished-at="2018-03-29T14:08:52Z">
        </test-method>
        <test-method status="PASS" signature="beforeMthod()" name="beforeMthod" is-config="true" duration-ms="0" started-at="2018-03-29T14:08:52Z" finished-at="2018-03-29T14:08:52Z">
        </test-method>
        <test-method status="PASS" signature="afterMethod()" name="afterMethod" is-config="true" duration-ms="1" started-at="2018-03-29T14:08:52Z" finished-at="2018-03-29T14:08:52Z">
        </test-method>
        <test-method status="PASS" signature="doLogin()" name="doLogin" duration-ms="0" started-at="2018-03-29T14:08:52Z" finished-at="2018-03-29T14:08:52Z">
        </test-method>
        <test-method status="SKIP" signature="updateNameTEst()" name="updateNameTEst" duration-ms="1" started-at="2018-03-29T14:08:52Z" finished-at="2018-03-29T14:08:52Z">
          <exception class="org.testng.SkipException">
            <message>
              <![CDATA[skipping the test]]>
            </message>
            <full-stacktrace>
              <![CDATA[org.testng.SkipException: skipping the test
	at module9TestNG.TestNGApplication.updateNameTEst(TestNGApplication.java:39)
	at sun.reflect.NativeMethodAccessorImpl.invoke0(Native Method)
	at sun.reflect.NativeMethodAccessorImpl.invoke(Unknown Source)
	at sun.reflect.DelegatingMethodAccessorImpl.invoke(Unknown Source)
	at java.lang.reflect.Method.invoke(Unknown Source)
	at org.testng.internal.MethodInvocationHelper.invokeMethod(MethodInvocationHelper.java:74)
	at org.testng.internal.Invoker.invokeMethod(Invoker.java:673)
	at org.testng.internal.Invoker.invokeTestMethod(Invoker.java:846)
	at org.testng.internal.Invoker.invokeTestMethods(Invoker.java:1170)
	at org.testng.internal.TestMethodWorker.invokeTestMethods(TestMethodWorker.java:125)
	at org.testng.internal.TestMethodWorker.run(TestMethodWorker.java:109)
	at java.util.concurrent.ThreadPoolExecutor.runWorker(Unknown Source)
	at java.util.concurrent.ThreadPoolExecutor$Worker.run(Unknown Source)
	at java.lang.Thread.run(Unknown Source)
]]>
            </full-stacktrace>
          </exception>
        </test-method>
        <test-method status="PASS" signature="beforeMthod()" name="beforeMthod" is-config="true" duration-ms="0" started-at="2018-03-29T14:08:52Z" finished-at="2018-03-29T14:08:52Z">
        </test-method>
        <test-method status="PASS" signature="afterMethod()" name="afterMethod" is-config="true" duration-ms="0" started-at="2018-03-29T14:08:52Z" finished-at="2018-03-29T14:08:52Z">
        </test-method>
        <test-method status="PASS" signature="afterMethod()" name="afterMethod" is-config="true" duration-ms="0" started-at="2018-03-29T14:08:52Z" finished-at="2018-03-29T14:08:52Z">
        </test-method>
        <test-method status="PASS" signature="afterTEst()" name="afterTEst" is-config="true" duration-ms="0" started-at="2018-03-29T14:08:52Z" finished-at="2018-03-29T14:08:52Z">
        </test-method>
      </class>
    </test>
    <test name="Login Test" duration-ms="5" started-at="2018-03-29T14:08:53Z" finished-at="2018-03-29T14:08:53Z">
      <class name="module9TestNG.LoginTest">
        <test-method status="PASS" signature="doLoginTEst(java.lang.String, java.lang.String, java.lang.String)" name="doLoginTEst" duration-ms="1" started-at="2018-03-29T14:08:53Z" finished-at="2018-03-29T14:08:53Z">
          <params>
            <param index="0">
              <value>
                <![CDATA[U1]]>
              </value>
            </param>
            <param index="1">
              <value>
                <![CDATA[P1]]>
              </value>
            </param>
            <param index="2">
              <value>
                <![CDATA[Mozilla]]>
              </value>
            </param>
          </params>
        </test-method>
        <test-method status="PASS" signature="beforemthd()" name="beforemthd" is-config="true" duration-ms="0" started-at="2018-03-29T14:08:53Z" finished-at="2018-03-29T14:08:53Z">
        </test-method>
        <test-method status="PASS" signature="afterMthd()" name="afterMthd" is-config="true" duration-ms="0" started-at="2018-03-29T14:08:53Z" finished-at="2018-03-29T14:08:53Z">
        </test-method>
        <test-method status="PASS" signature="afterMthd()" name="afterMthd" is-config="true" duration-ms="1" started-at="2018-03-29T14:08:53Z" finished-at="2018-03-29T14:08:53Z">
        </test-method>
        <test-method status="PASS" signature="beforemthd()" name="beforemthd" is-config="true" duration-ms="0" started-at="2018-03-29T14:08:53Z" finished-at="2018-03-29T14:08:53Z">
        </test-method>
        <test-method status="PASS" signature="doLoginTEst(java.lang.String, java.lang.String, java.lang.String)" name="doLoginTEst" duration-ms="0" started-at="2018-03-29T14:08:53Z" finished-at="2018-03-29T14:08:53Z">
          <params>
            <param index="0">
              <value>
                <![CDATA[U2]]>
              </value>
            </param>
            <param index="1">
              <value>
                <![CDATA[p2]]>
              </value>
            </param>
            <param index="2">
              <value>
                <![CDATA[IE]]>
              </value>
            </param>
          </params>
        </test-method>
        <test-method status="PASS" signature="afterMthd()" name="afterMthd" is-config="true" duration-ms="2" started-at="2018-03-29T14:08:53Z" finished-at="2018-03-29T14:08:53Z">
        </test-method>
        <test-method status="PASS" signature="doLoginTEst(java.lang.String, java.lang.String, java.lang.String)" name="doLoginTEst" duration-ms="0" started-at="2018-03-29T14:08:53Z" finished-at="2018-03-29T14:08:53Z">
          <params>
            <param index="0">
              <value>
                <![CDATA[U3]]>
              </value>
            </param>
            <param index="1">
              <value>
                <![CDATA[p3]]>
              </value>
            </param>
            <param index="2">
              <value>
                <![CDATA[edge]]>
              </value>
            </param>
          </params>
        </test-method>
        <test-method status="PASS" signature="beforemthd()" name="beforemthd" is-config="true" duration-ms="0" started-at="2018-03-29T14:08:53Z" finished-at="2018-03-29T14:08:53Z">
        </test-method>
      </class>
    </test>
  </suite>
</testng-results>
