<?xml version="1.0" encoding="UTF-8"?>
<!-- Generated by org.testng.reporters.JUnitReportReporter -->
<testsuite hostname="Jayant" name="module9TestNG.TestNGApplication" tests="3" failures="0" timestamp="29 Mar 2018 19:08:53 GMT" time="0.002" errors="1">
  <testcase name="LogoutTEst" time="0.001" classname="module9TestNG.TestNGApplication"/>
  <testcase name="doLogin" time="0.000" classname="module9TestNG.TestNGApplication"/>
  <testcase name="updateNameTEst" time="0.001" classname="module9TestNG.TestNGApplication">
    <error type="org.testng.SkipException" message="skipping the test">
      <![CDATA[org.testng.SkipException: skipping the test
	at module9TestNG.TestNGApplication.updateNameTEst(TestNGApplication.java:39)
	at sun.reflect.NativeMethodAccessorImpl.invoke0(Native Method)
	at sun.reflect.NativeMethodAccessorImpl.invoke(Unknown Source)
	at sun.reflect.DelegatingMethodAccessorImpl.invoke(Unknown Source)
	at java.lang.reflect.Method.invoke(Unknown Source)
	at org.testng.internal.MethodInvocationHelper.invokeMethod(MethodInvocationHelper.java:74)
	at org.testng.internal.Invoker.invokeMethod(Invoker.java:673)
	at org.testng.internal.Invoker.invokeTestMethod(Invoker.java:846)
	at org.testng.internal.Invoker.invokeTestMethods(Invoker.java:1170)
	at org.testng.internal.TestMethodWorker.invokeTestMethods(TestMethodWorker.java:125)
	at org.testng.internal.TestMethodWorker.run(TestMethodWorker.java:109)
	at java.util.concurrent.ThreadPoolExecutor.runWorker(Unknown Source)
	at java.util.concurrent.ThreadPoolExecutor$Worker.run(Unknown Source)
	at java.lang.Thread.run(Unknown Source)
]]>
    </error>
  </testcase>
</testsuite>
